2025-06-26 15:39:34,450 - INFO - YOLO_Training : 日志记录器已启动，日志文件保存在: /home/wyh_home/MedicalYOLO/logging/train/temp_20250626-153934_yolo11n.log
2025-06-26 15:39:34,450 - INFO - YOLO_Training : 日志记录器的根目录: /home/wyh_home/MedicalYOLO/logging
2025-06-26 15:39:34,451 - INFO - YOLO_Training : 日志记录器的名称: YOLO_Training
2025-06-26 15:39:34,451 - INFO - YOLO_Training : 日志记录器的类型: train
2025-06-26 15:39:34,451 - INFO - YOLO_Training : 日志记录器的级别: INFO
2025-06-26 15:39:34,451 - INFO - YOLO_Training : =========================日志记录器初始化成功=========================
2025-06-26 15:39:34,451 - INFO - YOLO_Training : ================================YOLO 肿瘤检测训练脚本启动=================================
2025-06-26 15:39:35,869 - INFO - YOLO_Training : ========================================
2025-06-26 15:39:35,869 - INFO - YOLO_Training : 设备信息概览
2025-06-26 15:39:35,870 - INFO - YOLO_Training : ========================================
2025-06-26 15:39:35,870 - INFO - YOLO_Training : 基本设备信息:
2025-06-26 15:39:35,870 - INFO - YOLO_Training :     操作系统            : Linux 5.15.0-139-generic
2025-06-26 15:39:35,870 - INFO - YOLO_Training :     Python版本          : 3.12.11
2025-06-26 15:39:35,870 - INFO - YOLO_Training :     Python解释器路径    : /home/wyh_home/miniconda3/envs/medical-yolo/bin/python
2025-06-26 15:39:35,870 - INFO - YOLO_Training :     Python虚拟环境      : medical-yolo
2025-06-26 15:39:35,870 - INFO - YOLO_Training :     当前检测时间        : 2025-06-26 15:39:34
2025-06-26 15:39:35,870 - INFO - YOLO_Training :     主机名              : xgd-R740xd
2025-06-26 15:39:35,870 - INFO - YOLO_Training :     当前用户            : wyh
2025-06-26 15:39:35,870 - INFO - YOLO_Training : CPU信息:
2025-06-26 15:39:35,870 - INFO - YOLO_Training :     CPU型号             : Intel(R) Xeon(R) Gold 6248 CPU @ 2.50GHz
2025-06-26 15:39:35,870 - INFO - YOLO_Training :     CPU物理核心数       : 40
2025-06-26 15:39:35,870 - INFO - YOLO_Training :     CPU逻辑核心数       : 80
2025-06-26 15:39:35,870 - INFO - YOLO_Training :     CPU使用率           : 6.4%
2025-06-26 15:39:35,870 - INFO - YOLO_Training : GPU信息:
2025-06-26 15:39:35,870 - INFO - YOLO_Training :     CUDA是否可用        : True
2025-06-26 15:39:35,870 - INFO - YOLO_Training :     CUDA版本            : 12.1
2025-06-26 15:39:35,870 - INFO - YOLO_Training :     NVIDIA驱动程序版本  : 535.183.01
535.183.01
2025-06-26 15:39:35,870 - INFO - YOLO_Training :     可用的GPU数量       : 2
2025-06-26 15:39:35,871 - INFO - YOLO_Training : 内存信息:
2025-06-26 15:39:35,871 - INFO - YOLO_Training :     总内存              : 125.50 GB
2025-06-26 15:39:35,871 - INFO - YOLO_Training :     已使用内存          : 7.97 GB
2025-06-26 15:39:35,871 - INFO - YOLO_Training :     剩余内存            : 116.39 GB
2025-06-26 15:39:35,871 - INFO - YOLO_Training :     内存使用率          : 7.3%
2025-06-26 15:39:35,871 - INFO - YOLO_Training : 环境信息:
2025-06-26 15:39:35,871 - INFO - YOLO_Training :     PyTorch版本         : 2.5.1+cu121
2025-06-26 15:39:35,871 - INFO - YOLO_Training :     cuDNN版本           : 90100
2025-06-26 15:39:35,871 - INFO - YOLO_Training :     Ultralytics_Version : 8.3.158
2025-06-26 15:39:35,871 - INFO - YOLO_Training :     ONNX版本            : 1.18.0
2025-06-26 15:39:35,871 - INFO - YOLO_Training :     Numpy版本           : 2.1.2
2025-06-26 15:39:35,871 - INFO - YOLO_Training :     OpenCV版本          : 4.11.0.86
2025-06-26 15:39:35,871 - INFO - YOLO_Training :     Pillow版本          : 11.0.0
2025-06-26 15:39:35,871 - INFO - YOLO_Training :     Torchvision版本     : 0.20.1+cu121
2025-06-26 15:39:35,871 - INFO - YOLO_Training : 磁盘信息:
2025-06-26 15:39:35,871 - INFO - YOLO_Training :     总空间              : 333.53 GB
2025-06-26 15:39:35,871 - INFO - YOLO_Training :     已用空间            : 249.15 GB
2025-06-26 15:39:35,871 - INFO - YOLO_Training :     剩余空间            : 67.37 GB
2025-06-26 15:39:35,871 - INFO - YOLO_Training :     使用率              : 78.7%
2025-06-26 15:39:35,871 - INFO - YOLO_Training : GPU详细列表:
2025-06-26 15:39:35,872 - INFO - YOLO_Training :   --- GPU 0 详情 ---
2025-06-26 15:39:35,872 - INFO - YOLO_Training :     GPU_0_型号               : NVIDIA A100-PCIE-40GB
2025-06-26 15:39:35,872 - INFO - YOLO_Training :     GPU_0_总显存             : 39.39 GB
2025-06-26 15:39:35,872 - INFO - YOLO_Training :     GPU_0_算力               : 8.0
2025-06-26 15:39:35,872 - INFO - YOLO_Training :     GPU_0_多处理器数量       : 108
2025-06-26 15:39:35,872 - INFO - YOLO_Training :     GPU_0_PyTorch_已分配显存 : 0.00 MB
2025-06-26 15:39:35,872 - INFO - YOLO_Training :     GPU_0_PyTorch_已缓存显存 : 0.00 MB
2025-06-26 15:39:35,872 - INFO - YOLO_Training :     GPU_0_利用率             : GPU:0% / Mem:0%
2025-06-26 15:39:35,872 - INFO - YOLO_Training :     GPU_0_实时使用显存       : 637.62 MB
2025-06-26 15:39:35,872 - INFO - YOLO_Training :   --- GPU 1 详情 ---
2025-06-26 15:39:35,872 - INFO - YOLO_Training :     GPU_1_型号               : NVIDIA A100-PCIE-40GB
2025-06-26 15:39:35,872 - INFO - YOLO_Training :     GPU_1_总显存             : 39.39 GB
2025-06-26 15:39:35,872 - INFO - YOLO_Training :     GPU_1_算力               : 8.0
2025-06-26 15:39:35,872 - INFO - YOLO_Training :     GPU_1_多处理器数量       : 108
2025-06-26 15:39:35,872 - INFO - YOLO_Training :     GPU_1_PyTorch_已分配显存 : 0.00 MB
2025-06-26 15:39:35,872 - INFO - YOLO_Training :     GPU_1_PyTorch_已缓存显存 : 0.00 MB
2025-06-26 15:39:35,872 - INFO - YOLO_Training :     GPU_1_利用率             : GPU:0% / Mem:0%
2025-06-26 15:39:35,872 - INFO - YOLO_Training :     GPU_1_实时使用显存       : 3.13 GB
2025-06-26 15:39:35,872 - INFO - YOLO_Training : ========================================
2025-06-26 15:39:35,885 - INFO - YOLO_Training : ========================================
2025-06-26 15:39:35,885 - INFO - YOLO_Training : 数据集信息 (Train 模式)
2025-06-26 15:39:35,885 - INFO - YOLO_Training : ----------------------------------------
2025-06-26 15:39:35,885 - INFO - YOLO_Training : Config File         : data.yaml
2025-06-26 15:39:35,885 - INFO - YOLO_Training : Class Count         : 4
2025-06-26 15:39:35,885 - INFO - YOLO_Training : Class Names         : objects, glioma_tumor, meningioma_tumor, pituitary_tumor
2025-06-26 15:39:35,886 - INFO - YOLO_Training : Sample Count        : 704
2025-06-26 15:39:35,886 - INFO - YOLO_Training : Data Source         : Train images from: /home/wyh_home/MedicalYOLO/data/train/images
2025-06-26 15:39:35,886 - INFO - YOLO_Training : ----------------------------------------
2025-06-26 15:39:35,886 - INFO - YOLO_Training : ================开始模型参数信息================
2025-06-26 15:39:35,886 - INFO - YOLO_Training : Parameters
2025-06-26 15:39:35,886 - INFO - YOLO_Training : ----------------------------------------
2025-06-26 15:39:35,886 - INFO - YOLO_Training : data                : /home/wyh_home/MedicalYOLO/configs/data.yaml （来源: [命令行]）
2025-06-26 15:39:35,886 - INFO - YOLO_Training : epochs              : 200 （来源: [命令行]）
2025-06-26 15:39:35,886 - INFO - YOLO_Training : time                : None （来源: [YAML]）
2025-06-26 15:39:35,886 - INFO - YOLO_Training : batch               : 64 （来源: [命令行]）
2025-06-26 15:39:35,886 - INFO - YOLO_Training : imgsz               : 640 （来源: [命令行]）
2025-06-26 15:39:35,886 - INFO - YOLO_Training : device              : 0 （来源: [命令行]）
2025-06-26 15:39:35,886 - INFO - YOLO_Training : workers             : 16 （来源: [命令行]）
2025-06-26 15:39:35,886 - INFO - YOLO_Training : patience            : 100 （来源: [YAML]）
2025-06-26 15:39:35,886 - INFO - YOLO_Training : save                : True （来源: [YAML]）
2025-06-26 15:39:35,886 - INFO - YOLO_Training : save_period         : -1 （来源: [YAML]）
2025-06-26 15:39:35,886 - INFO - YOLO_Training : cache               : False （来源: [YAML]）
2025-06-26 15:39:35,886 - INFO - YOLO_Training : resume              : False （来源: [YAML]）
2025-06-26 15:39:35,886 - INFO - YOLO_Training : amp                 : True （来源: [YAML]）
2025-06-26 15:39:35,886 - INFO - YOLO_Training : project             : /home/wyh_home/MedicalYOLO/runs/detect （来源: [YAML]）
2025-06-26 15:39:35,887 - INFO - YOLO_Training : name                : train （来源: [YAML]）
2025-06-26 15:39:35,887 - INFO - YOLO_Training : exist_ok            : False （来源: [YAML]）
2025-06-26 15:39:35,887 - INFO - YOLO_Training : pretrained          : True （来源: [YAML]）
2025-06-26 15:39:35,887 - INFO - YOLO_Training : optimizer           : AdamW （来源: [YAML]）
2025-06-26 15:39:35,887 - INFO - YOLO_Training : seed                : 0 （来源: [YAML]）
2025-06-26 15:39:35,887 - INFO - YOLO_Training : deterministic       : True （来源: [YAML]）
2025-06-26 15:39:35,887 - INFO - YOLO_Training : single_cls          : False （来源: [YAML]）
2025-06-26 15:39:35,887 - INFO - YOLO_Training : classes             : None （来源: [YAML]）
2025-06-26 15:39:35,887 - INFO - YOLO_Training : rect                : False （来源: [YAML]）
2025-06-26 15:39:35,887 - INFO - YOLO_Training : cos_lr              : False （来源: [YAML]）
2025-06-26 15:39:35,887 - INFO - YOLO_Training : multi_scale         : False （来源: [YAML]）
2025-06-26 15:39:35,887 - INFO - YOLO_Training : box                 : 7.5 （来源: [YAML]）
2025-06-26 15:39:35,887 - INFO - YOLO_Training : cls                 : 0.5 （来源: [YAML]）
2025-06-26 15:39:35,887 - INFO - YOLO_Training : dfl                 : 1.5 （来源: [YAML]）
2025-06-26 15:39:35,887 - INFO - YOLO_Training : pose                : 12.0 （来源: [YAML]）
2025-06-26 15:39:35,887 - INFO - YOLO_Training : kobj                : 1.0 （来源: [YAML]）
2025-06-26 15:39:35,887 - INFO - YOLO_Training : lr0                 : 0.001 （来源: [YAML]）
2025-06-26 15:39:35,887 - INFO - YOLO_Training : lrf                 : 0.01 （来源: [YAML]）
2025-06-26 15:39:35,887 - INFO - YOLO_Training : momentum            : 0.937 （来源: [YAML]）
2025-06-26 15:39:35,887 - INFO - YOLO_Training : weight_decay        : 0.0005 （来源: [YAML]）
2025-06-26 15:39:35,888 - INFO - YOLO_Training : warmup_epochs       : 3.0 （来源: [YAML]）
2025-06-26 15:39:35,888 - INFO - YOLO_Training : warmup_momentum     : 0.8 （来源: [YAML]）
2025-06-26 15:39:35,888 - INFO - YOLO_Training : warmup_bias_lr      : 0.1 （来源: [YAML]）
2025-06-26 15:39:35,888 - INFO - YOLO_Training : hsv_h               : 0.015 （来源: [YAML]）
2025-06-26 15:39:35,888 - INFO - YOLO_Training : hsv_s               : 0.7 （来源: [YAML]）
2025-06-26 15:39:35,888 - INFO - YOLO_Training : hsv_v               : 0.4 （来源: [YAML]）
2025-06-26 15:39:35,888 - INFO - YOLO_Training : degrees             : 0.0 （来源: [YAML]）
2025-06-26 15:39:35,888 - INFO - YOLO_Training : translate           : 0.1 （来源: [YAML]）
2025-06-26 15:39:35,888 - INFO - YOLO_Training : scale               : 0.5 （来源: [YAML]）
2025-06-26 15:39:35,888 - INFO - YOLO_Training : shear               : 0.0 （来源: [YAML]）
2025-06-26 15:39:35,888 - INFO - YOLO_Training : perspective         : 0.0 （来源: [YAML]）
2025-06-26 15:39:35,888 - INFO - YOLO_Training : flipud              : 0.0 （来源: [YAML]）
2025-06-26 15:39:35,888 - INFO - YOLO_Training : fliplr              : 0.5 （来源: [YAML]）
2025-06-26 15:39:35,888 - INFO - YOLO_Training : bgr                 : 0.0 （来源: [YAML]）
2025-06-26 15:39:35,888 - INFO - YOLO_Training : mosaic              : 1.0 （来源: [YAML]）
2025-06-26 15:39:35,888 - INFO - YOLO_Training : mixup               : 0.0 （来源: [YAML]）
2025-06-26 15:39:35,888 - INFO - YOLO_Training : cutmix              : 0.0 （来源: [YAML]）
2025-06-26 15:39:35,888 - INFO - YOLO_Training : copy_paste          : 0.0 （来源: [YAML]）
2025-06-26 15:39:35,888 - INFO - YOLO_Training : copy_paste_mode     : flip （来源: [YAML]）
2025-06-26 15:39:35,888 - INFO - YOLO_Training : auto_augment        : randaugment （来源: [YAML]）
2025-06-26 15:39:35,889 - INFO - YOLO_Training : erasing             : 0.4 （来源: [YAML]）
2025-06-26 15:39:35,889 - INFO - YOLO_Training : close_mosaic        : 10 （来源: [YAML]）
2025-06-26 15:39:35,889 - INFO - YOLO_Training : nbs                 : 64 （来源: [YAML]）
2025-06-26 15:39:35,889 - INFO - YOLO_Training : overlap_mask        : True （来源: [YAML]）
2025-06-26 15:39:35,889 - INFO - YOLO_Training : mask_ratio          : 4 （来源: [YAML]）
2025-06-26 15:39:35,889 - INFO - YOLO_Training : dropout             : 0.0 （来源: [YAML]）
2025-06-26 15:39:35,889 - INFO - YOLO_Training : val                 : True （来源: [YAML]）
2025-06-26 15:39:35,889 - INFO - YOLO_Training : plots               : True （来源: [YAML]）
2025-06-26 15:39:35,889 - INFO - YOLO_Training : profile             : False （来源: [YAML]）
2025-06-26 15:39:35,889 - INFO - YOLO_Training : freeze              : None （来源: [YAML]）
2025-06-26 15:39:35,889 - INFO - YOLO_Training : fraction            : 1.0 （来源: [YAML]）
2025-06-26 15:39:35,889 - INFO - YOLO_Training : weights             : yolo11n.pt （来源: [命令行]）
2025-06-26 15:39:35,889 - INFO - YOLO_Training : 初始化模型,加载模型: yolo11n.pt
2025-06-26 15:52:52,575 - INFO - YOLO_Training : ⏱️ 函数 'run_training(YOLO(
  (model): DetectionModel(
    (model): Sequential(
      (0): Conv(
        (conv): Conv2d(3, 16, kernel_size=(3, 3), stride=(2, 2), padding=(1, 1), bias=False)
        (bn): BatchNorm2d(16, eps=0.001, momentum=0.03, affine=True, track_running_stats=True)
        (act): SiLU(inplace=True)
      )
      (1): Conv(
        (conv): Conv2d(16, 32, kernel_size=(3, 3), stride=(2, 2), padding=(1, 1), bias=False)
        (bn): BatchNorm2d(32, eps=0.001, momentum=0.03, affine=True, track_running_stats=True)
        (act): SiLU(inplace=True)
      )
      (2): C3k2(
        (cv1): Conv(
          (conv): Conv2d(32, 32, kernel_size=(1, 1), stride=(1, 1), bias=False)
          (bn): BatchNorm2d(32, eps=0.001, momentum=0.03, affine=True, track_running_stats=True)
          (act): SiLU(inplace=True)
        )
        (cv2): Conv(
          (conv): Conv2d(48, 64, kernel_size=(1, 1), stride=(1, 1), bias=False)
          (bn): BatchNorm2d(64, eps=0.001, momentum=0.03, affine=True, track_running_stats=True)
          (act): SiLU(inplace=True)
        )
        (m): ModuleList(
          (0): Bottleneck(
            (cv1): Conv(
              (conv): Conv2d(16, 8, kernel_size=(3, 3), stride=(1, 1), padding=(1, 1), bias=False)
              (bn): BatchNorm2d(8, eps=0.001, momentum=0.03, affine=True, track_running_stats=True)
              (act): SiLU(inplace=True)
            )
            (cv2): Conv(
              (conv): Conv2d(8, 16, kernel_size=(3, 3), stride=(1, 1), padding=(1, 1), bias=False)
              (bn): BatchNorm2d(16, eps=0.001, momentum=0.03, affine=True, track_running_stats=True)
              (act): SiLU(inplace=True)
            )
          )
        )
      )
      (3): Conv(
        (conv): Conv2d(64, 64, kernel_size=(3, 3), stride=(2, 2), padding=(1, 1), bias=False)
        (bn): BatchNorm2d(64, eps=0.001, momentum=0.03, affine=True, track_running_stats=True)
        (act): SiLU(inplace=True)
      )
      (4): C3k2(
        (cv1): Conv(
          (conv): Conv2d(64, 64, kernel_size=(1, 1), stride=(1, 1), bias=False)
          (bn): BatchNorm2d(64, eps=0.001, momentum=0.03, affine=True, track_running_stats=True)
          (act): SiLU(inplace=True)
        )
        (cv2): Conv(
          (conv): Conv2d(96, 128, kernel_size=(1, 1), stride=(1, 1), bias=False)
          (bn): BatchNorm2d(128, eps=0.001, momentum=0.03, affine=True, track_running_stats=True)
          (act): SiLU(inplace=True)
        )
        (m): ModuleList(
          (0): Bottleneck(
            (cv1): Conv(
              (conv): Conv2d(32, 16, kernel_size=(3, 3), stride=(1, 1), padding=(1, 1), bias=False)
              (bn): BatchNorm2d(16, eps=0.001, momentum=0.03, affine=True, track_running_stats=True)
              (act): SiLU(inplace=True)
            )
            (cv2): Conv(
              (conv): Conv2d(16, 32, kernel_size=(3, 3), stride=(1, 1), padding=(1, 1), bias=False)
              (bn): BatchNorm2d(32, eps=0.001, momentum=0.03, affine=True, track_running_stats=True)
              (act): SiLU(inplace=True)
            )
          )
        )
      )
      (5): Conv(
        (conv): Conv2d(128, 128, kernel_size=(3, 3), stride=(2, 2), padding=(1, 1), bias=False)
        (bn): BatchNorm2d(128, eps=0.001, momentum=0.03, affine=True, track_running_stats=True)
        (act): SiLU(inplace=True)
      )
      (6): C3k2(
        (cv1): Conv(
          (conv): Conv2d(128, 128, kernel_size=(1, 1), stride=(1, 1), bias=False)
          (bn): BatchNorm2d(128, eps=0.001, momentum=0.03, affine=True, track_running_stats=True)
          (act): SiLU(inplace=True)
        )
        (cv2): Conv(
          (conv): Conv2d(192, 128, kernel_size=(1, 1), stride=(1, 1), bias=False)
          (bn): BatchNorm2d(128, eps=0.001, momentum=0.03, affine=True, track_running_stats=True)
          (act): SiLU(inplace=True)
        )
        (m): ModuleList(
          (0): C3k(
            (cv1): Conv(
              (conv): Conv2d(64, 32, kernel_size=(1, 1), stride=(1, 1), bias=False)
              (bn): BatchNorm2d(32, eps=0.001, momentum=0.03, affine=True, track_running_stats=True)
              (act): SiLU(inplace=True)
            )
            (cv2): Conv(
              (conv): Conv2d(64, 32, kernel_size=(1, 1), stride=(1, 1), bias=False)
              (bn): BatchNorm2d(32, eps=0.001, momentum=0.03, affine=True, track_running_stats=True)
              (act): SiLU(inplace=True)
            )
            (cv3): Conv(
              (conv): Conv2d(64, 64, kernel_size=(1, 1), stride=(1, 1), bias=False)
              (bn): BatchNorm2d(64, eps=0.001, momentum=0.03, affine=True, track_running_stats=True)
              (act): SiLU(inplace=True)
            )
            (m): Sequential(
              (0): Bottleneck(
                (cv1): Conv(
                  (conv): Conv2d(32, 32, kernel_size=(3, 3), stride=(1, 1), padding=(1, 1), bias=False)
                  (bn): BatchNorm2d(32, eps=0.001, momentum=0.03, affine=True, track_running_stats=True)
                  (act): SiLU(inplace=True)
                )
                (cv2): Conv(
                  (conv): Conv2d(32, 32, kernel_size=(3, 3), stride=(1, 1), padding=(1, 1), bias=False)
                  (bn): BatchNorm2d(32, eps=0.001, momentum=0.03, affine=True, track_running_stats=True)
                  (act): SiLU(inplace=True)
                )
              )
              (1): Bottleneck(
                (cv1): Conv(
                  (conv): Conv2d(32, 32, kernel_size=(3, 3), stride=(1, 1), padding=(1, 1), bias=False)
                  (bn): BatchNorm2d(32, eps=0.001, momentum=0.03, affine=True, track_running_stats=True)
                  (act): SiLU(inplace=True)
                )
                (cv2): Conv(
                  (conv): Conv2d(32, 32, kernel_size=(3, 3), stride=(1, 1), padding=(1, 1), bias=False)
                  (bn): BatchNorm2d(32, eps=0.001, momentum=0.03, affine=True, track_running_stats=True)
                  (act): SiLU(inplace=True)
                )
              )
            )
          )
        )
      )
      (7): Conv(
        (conv): Conv2d(128, 256, kernel_size=(3, 3), stride=(2, 2), padding=(1, 1), bias=False)
        (bn): BatchNorm2d(256, eps=0.001, momentum=0.03, affine=True, track_running_stats=True)
        (act): SiLU(inplace=True)
      )
      (8): C3k2(
        (cv1): Conv(
          (conv): Conv2d(256, 256, kernel_size=(1, 1), stride=(1, 1), bias=False)
          (bn): BatchNorm2d(256, eps=0.001, momentum=0.03, affine=True, track_running_stats=True)
          (act): SiLU(inplace=True)
        )
        (cv2): Conv(
          (conv): Conv2d(384, 256, kernel_size=(1, 1), stride=(1, 1), bias=False)
          (bn): BatchNorm2d(256, eps=0.001, momentum=0.03, affine=True, track_running_stats=True)
          (act): SiLU(inplace=True)
        )
        (m): ModuleList(
          (0): C3k(
            (cv1): Conv(
              (conv): Conv2d(128, 64, kernel_size=(1, 1), stride=(1, 1), bias=False)
              (bn): BatchNorm2d(64, eps=0.001, momentum=0.03, affine=True, track_running_stats=True)
              (act): SiLU(inplace=True)
            )
            (cv2): Conv(
              (conv): Conv2d(128, 64, kernel_size=(1, 1), stride=(1, 1), bias=False)
              (bn): BatchNorm2d(64, eps=0.001, momentum=0.03, affine=True, track_running_stats=True)
              (act): SiLU(inplace=True)
            )
            (cv3): Conv(
              (conv): Conv2d(128, 128, kernel_size=(1, 1), stride=(1, 1), bias=False)
              (bn): BatchNorm2d(128, eps=0.001, momentum=0.03, affine=True, track_running_stats=True)
              (act): SiLU(inplace=True)
            )
            (m): Sequential(
              (0): Bottleneck(
                (cv1): Conv(
                  (conv): Conv2d(64, 64, kernel_size=(3, 3), stride=(1, 1), padding=(1, 1), bias=False)
                  (bn): BatchNorm2d(64, eps=0.001, momentum=0.03, affine=True, track_running_stats=True)
                  (act): SiLU(inplace=True)
                )
                (cv2): Conv(
                  (conv): Conv2d(64, 64, kernel_size=(3, 3), stride=(1, 1), padding=(1, 1), bias=False)
                  (bn): BatchNorm2d(64, eps=0.001, momentum=0.03, affine=True, track_running_stats=True)
                  (act): SiLU(inplace=True)
                )
              )
              (1): Bottleneck(
                (cv1): Conv(
                  (conv): Conv2d(64, 64, kernel_size=(3, 3), stride=(1, 1), padding=(1, 1), bias=False)
                  (bn): BatchNorm2d(64, eps=0.001, momentum=0.03, affine=True, track_running_stats=True)
                  (act): SiLU(inplace=True)
                )
                (cv2): Conv(
                  (conv): Conv2d(64, 64, kernel_size=(3, 3), stride=(1, 1), padding=(1, 1), bias=False)
                  (bn): BatchNorm2d(64, eps=0.001, momentum=0.03, affine=True, track_running_stats=True)
                  (act): SiLU(inplace=True)
                )
              )
            )
          )
        )
      )
      (9): SPPF(
        (cv1): Conv(
          (conv): Conv2d(256, 128, kernel_size=(1, 1), stride=(1, 1), bias=False)
          (bn): BatchNorm2d(128, eps=0.001, momentum=0.03, affine=True, track_running_stats=True)
          (act): SiLU(inplace=True)
        )
        (cv2): Conv(
          (conv): Conv2d(512, 256, kernel_size=(1, 1), stride=(1, 1), bias=False)
          (bn): BatchNorm2d(256, eps=0.001, momentum=0.03, affine=True, track_running_stats=True)
          (act): SiLU(inplace=True)
        )
        (m): MaxPool2d(kernel_size=5, stride=1, padding=2, dilation=1, ceil_mode=False)
      )
      (10): C2PSA(
        (cv1): Conv(
          (conv): Conv2d(256, 256, kernel_size=(1, 1), stride=(1, 1), bias=False)
          (bn): BatchNorm2d(256, eps=0.001, momentum=0.03, affine=True, track_running_stats=True)
          (act): SiLU(inplace=True)
        )
        (cv2): Conv(
          (conv): Conv2d(256, 256, kernel_size=(1, 1), stride=(1, 1), bias=False)
          (bn): BatchNorm2d(256, eps=0.001, momentum=0.03, affine=True, track_running_stats=True)
          (act): SiLU(inplace=True)
        )
        (m): Sequential(
          (0): PSABlock(
            (attn): Attention(
              (qkv): Conv(
                (conv): Conv2d(128, 256, kernel_size=(1, 1), stride=(1, 1), bias=False)
                (bn): BatchNorm2d(256, eps=0.001, momentum=0.03, affine=True, track_running_stats=True)
                (act): Identity()
              )
              (proj): Conv(
                (conv): Conv2d(128, 128, kernel_size=(1, 1), stride=(1, 1), bias=False)
                (bn): BatchNorm2d(128, eps=0.001, momentum=0.03, affine=True, track_running_stats=True)
                (act): Identity()
              )
              (pe): Conv(
                (conv): Conv2d(128, 128, kernel_size=(3, 3), stride=(1, 1), padding=(1, 1), groups=128, bias=False)
                (bn): BatchNorm2d(128, eps=0.001, momentum=0.03, affine=True, track_running_stats=True)
                (act): Identity()
              )
            )
            (ffn): Sequential(
              (0): Conv(
                (conv): Conv2d(128, 256, kernel_size=(1, 1), stride=(1, 1), bias=False)
                (bn): BatchNorm2d(256, eps=0.001, momentum=0.03, affine=True, track_running_stats=True)
                (act): SiLU(inplace=True)
              )
              (1): Conv(
                (conv): Conv2d(256, 128, kernel_size=(1, 1), stride=(1, 1), bias=False)
                (bn): BatchNorm2d(128, eps=0.001, momentum=0.03, affine=True, track_running_stats=True)
                (act): Identity()
              )
            )
          )
        )
      )
      (11): Upsample(scale_factor=2.0, mode='nearest')
      (12): Concat()
      (13): C3k2(
        (cv1): Conv(
          (conv): Conv2d(384, 128, kernel_size=(1, 1), stride=(1, 1), bias=False)
          (bn): BatchNorm2d(128, eps=0.001, momentum=0.03, affine=True, track_running_stats=True)
          (act): SiLU(inplace=True)
        )
        (cv2): Conv(
          (conv): Conv2d(192, 128, kernel_size=(1, 1), stride=(1, 1), bias=False)
          (bn): BatchNorm2d(128, eps=0.001, momentum=0.03, affine=True, track_running_stats=True)
          (act): SiLU(inplace=True)
        )
        (m): ModuleList(
          (0): Bottleneck(
            (cv1): Conv(
              (conv): Conv2d(64, 32, kernel_size=(3, 3), stride=(1, 1), padding=(1, 1), bias=False)
              (bn): BatchNorm2d(32, eps=0.001, momentum=0.03, affine=True, track_running_stats=True)
              (act): SiLU(inplace=True)
            )
            (cv2): Conv(
              (conv): Conv2d(32, 64, kernel_size=(3, 3), stride=(1, 1), padding=(1, 1), bias=False)
              (bn): BatchNorm2d(64, eps=0.001, momentum=0.03, affine=True, track_running_stats=True)
              (act): SiLU(inplace=True)
            )
          )
        )
      )
      (14): Upsample(scale_factor=2.0, mode='nearest')
      (15): Concat()
      (16): C3k2(
        (cv1): Conv(
          (conv): Conv2d(256, 64, kernel_size=(1, 1), stride=(1, 1), bias=False)
          (bn): BatchNorm2d(64, eps=0.001, momentum=0.03, affine=True, track_running_stats=True)
          (act): SiLU(inplace=True)
        )
        (cv2): Conv(
          (conv): Conv2d(96, 64, kernel_size=(1, 1), stride=(1, 1), bias=False)
          (bn): BatchNorm2d(64, eps=0.001, momentum=0.03, affine=True, track_running_stats=True)
          (act): SiLU(inplace=True)
        )
        (m): ModuleList(
          (0): Bottleneck(
            (cv1): Conv(
              (conv): Conv2d(32, 16, kernel_size=(3, 3), stride=(1, 1), padding=(1, 1), bias=False)
              (bn): BatchNorm2d(16, eps=0.001, momentum=0.03, affine=True, track_running_stats=True)
              (act): SiLU(inplace=True)
            )
            (cv2): Conv(
              (conv): Conv2d(16, 32, kernel_size=(3, 3), stride=(1, 1), padding=(1, 1), bias=False)
              (bn): BatchNorm2d(32, eps=0.001, momentum=0.03, affine=True, track_running_stats=True)
              (act): SiLU(inplace=True)
            )
          )
        )
      )
      (17): Conv(
        (conv): Conv2d(64, 64, kernel_size=(3, 3), stride=(2, 2), padding=(1, 1), bias=False)
        (bn): BatchNorm2d(64, eps=0.001, momentum=0.03, affine=True, track_running_stats=True)
        (act): SiLU(inplace=True)
      )
      (18): Concat()
      (19): C3k2(
        (cv1): Conv(
          (conv): Conv2d(192, 128, kernel_size=(1, 1), stride=(1, 1), bias=False)
          (bn): BatchNorm2d(128, eps=0.001, momentum=0.03, affine=True, track_running_stats=True)
          (act): SiLU(inplace=True)
        )
        (cv2): Conv(
          (conv): Conv2d(192, 128, kernel_size=(1, 1), stride=(1, 1), bias=False)
          (bn): BatchNorm2d(128, eps=0.001, momentum=0.03, affine=True, track_running_stats=True)
          (act): SiLU(inplace=True)
        )
        (m): ModuleList(
          (0): Bottleneck(
            (cv1): Conv(
              (conv): Conv2d(64, 32, kernel_size=(3, 3), stride=(1, 1), padding=(1, 1), bias=False)
              (bn): BatchNorm2d(32, eps=0.001, momentum=0.03, affine=True, track_running_stats=True)
              (act): SiLU(inplace=True)
            )
            (cv2): Conv(
              (conv): Conv2d(32, 64, kernel_size=(3, 3), stride=(1, 1), padding=(1, 1), bias=False)
              (bn): BatchNorm2d(64, eps=0.001, momentum=0.03, affine=True, track_running_stats=True)
              (act): SiLU(inplace=True)
            )
          )
        )
      )
      (20): Conv(
        (conv): Conv2d(128, 128, kernel_size=(3, 3), stride=(2, 2), padding=(1, 1), bias=False)
        (bn): BatchNorm2d(128, eps=0.001, momentum=0.03, affine=True, track_running_stats=True)
        (act): SiLU(inplace=True)
      )
      (21): Concat()
      (22): C3k2(
        (cv1): Conv(
          (conv): Conv2d(384, 256, kernel_size=(1, 1), stride=(1, 1), bias=False)
          (bn): BatchNorm2d(256, eps=0.001, momentum=0.03, affine=True, track_running_stats=True)
          (act): SiLU(inplace=True)
        )
        (cv2): Conv(
          (conv): Conv2d(384, 256, kernel_size=(1, 1), stride=(1, 1), bias=False)
          (bn): BatchNorm2d(256, eps=0.001, momentum=0.03, affine=True, track_running_stats=True)
          (act): SiLU(inplace=True)
        )
        (m): ModuleList(
          (0): C3k(
            (cv1): Conv(
              (conv): Conv2d(128, 64, kernel_size=(1, 1), stride=(1, 1), bias=False)
              (bn): BatchNorm2d(64, eps=0.001, momentum=0.03, affine=True, track_running_stats=True)
              (act): SiLU(inplace=True)
            )
            (cv2): Conv(
              (conv): Conv2d(128, 64, kernel_size=(1, 1), stride=(1, 1), bias=False)
              (bn): BatchNorm2d(64, eps=0.001, momentum=0.03, affine=True, track_running_stats=True)
              (act): SiLU(inplace=True)
            )
            (cv3): Conv(
              (conv): Conv2d(128, 128, kernel_size=(1, 1), stride=(1, 1), bias=False)
              (bn): BatchNorm2d(128, eps=0.001, momentum=0.03, affine=True, track_running_stats=True)
              (act): SiLU(inplace=True)
            )
            (m): Sequential(
              (0): Bottleneck(
                (cv1): Conv(
                  (conv): Conv2d(64, 64, kernel_size=(3, 3), stride=(1, 1), padding=(1, 1), bias=False)
                  (bn): BatchNorm2d(64, eps=0.001, momentum=0.03, affine=True, track_running_stats=True)
                  (act): SiLU(inplace=True)
                )
                (cv2): Conv(
                  (conv): Conv2d(64, 64, kernel_size=(3, 3), stride=(1, 1), padding=(1, 1), bias=False)
                  (bn): BatchNorm2d(64, eps=0.001, momentum=0.03, affine=True, track_running_stats=True)
                  (act): SiLU(inplace=True)
                )
              )
              (1): Bottleneck(
                (cv1): Conv(
                  (conv): Conv2d(64, 64, kernel_size=(3, 3), stride=(1, 1), padding=(1, 1), bias=False)
                  (bn): BatchNorm2d(64, eps=0.001, momentum=0.03, affine=True, track_running_stats=True)
                  (act): SiLU(inplace=True)
                )
                (cv2): Conv(
                  (conv): Conv2d(64, 64, kernel_size=(3, 3), stride=(1, 1), padding=(1, 1), bias=False)
                  (bn): BatchNorm2d(64, eps=0.001, momentum=0.03, affine=True, track_running_stats=True)
                  (act): SiLU(inplace=True)
                )
              )
            )
          )
        )
      )
      (23): Detect(
        (cv2): ModuleList(
          (0): Sequential(
            (0): Conv(
              (conv): Conv2d(64, 64, kernel_size=(3, 3), stride=(1, 1), padding=(1, 1), bias=False)
              (bn): BatchNorm2d(64, eps=0.001, momentum=0.03, affine=True, track_running_stats=True)
              (act): SiLU(inplace=True)
            )
            (1): Conv(
              (conv): Conv2d(64, 64, kernel_size=(3, 3), stride=(1, 1), padding=(1, 1), bias=False)
              (bn): BatchNorm2d(64, eps=0.001, momentum=0.03, affine=True, track_running_stats=True)
              (act): SiLU(inplace=True)
            )
            (2): Conv2d(64, 64, kernel_size=(1, 1), stride=(1, 1))
          )
          (1): Sequential(
            (0): Conv(
              (conv): Conv2d(128, 64, kernel_size=(3, 3), stride=(1, 1), padding=(1, 1), bias=False)
              (bn): BatchNorm2d(64, eps=0.001, momentum=0.03, affine=True, track_running_stats=True)
              (act): SiLU(inplace=True)
            )
            (1): Conv(
              (conv): Conv2d(64, 64, kernel_size=(3, 3), stride=(1, 1), padding=(1, 1), bias=False)
              (bn): BatchNorm2d(64, eps=0.001, momentum=0.03, affine=True, track_running_stats=True)
              (act): SiLU(inplace=True)
            )
            (2): Conv2d(64, 64, kernel_size=(1, 1), stride=(1, 1))
          )
          (2): Sequential(
            (0): Conv(
              (conv): Conv2d(256, 64, kernel_size=(3, 3), stride=(1, 1), padding=(1, 1), bias=False)
              (bn): BatchNorm2d(64, eps=0.001, momentum=0.03, affine=True, track_running_stats=True)
              (act): SiLU(inplace=True)
            )
            (1): Conv(
              (conv): Conv2d(64, 64, kernel_size=(3, 3), stride=(1, 1), padding=(1, 1), bias=False)
              (bn): BatchNorm2d(64, eps=0.001, momentum=0.03, affine=True, track_running_stats=True)
              (act): SiLU(inplace=True)
            )
            (2): Conv2d(64, 64, kernel_size=(1, 1), stride=(1, 1))
          )
        )
        (cv3): ModuleList(
          (0): Sequential(
            (0): Sequential(
              (0): DWConv(
                (conv): Conv2d(64, 64, kernel_size=(3, 3), stride=(1, 1), padding=(1, 1), groups=64, bias=False)
                (bn): BatchNorm2d(64, eps=0.001, momentum=0.03, affine=True, track_running_stats=True)
                (act): SiLU(inplace=True)
              )
              (1): Conv(
                (conv): Conv2d(64, 80, kernel_size=(1, 1), stride=(1, 1), bias=False)
                (bn): BatchNorm2d(80, eps=0.001, momentum=0.03, affine=True, track_running_stats=True)
                (act): SiLU(inplace=True)
              )
            )
            (1): Sequential(
              (0): DWConv(
                (conv): Conv2d(80, 80, kernel_size=(3, 3), stride=(1, 1), padding=(1, 1), groups=80, bias=False)
                (bn): BatchNorm2d(80, eps=0.001, momentum=0.03, affine=True, track_running_stats=True)
                (act): SiLU(inplace=True)
              )
              (1): Conv(
                (conv): Conv2d(80, 80, kernel_size=(1, 1), stride=(1, 1), bias=False)
                (bn): BatchNorm2d(80, eps=0.001, momentum=0.03, affine=True, track_running_stats=True)
                (act): SiLU(inplace=True)
              )
            )
            (2): Conv2d(80, 80, kernel_size=(1, 1), stride=(1, 1))
          )
          (1): Sequential(
            (0): Sequential(
              (0): DWConv(
                (conv): Conv2d(128, 128, kernel_size=(3, 3), stride=(1, 1), padding=(1, 1), groups=128, bias=False)
                (bn): BatchNorm2d(128, eps=0.001, momentum=0.03, affine=True, track_running_stats=True)
                (act): SiLU(inplace=True)
              )
              (1): Conv(
                (conv): Conv2d(128, 80, kernel_size=(1, 1), stride=(1, 1), bias=False)
                (bn): BatchNorm2d(80, eps=0.001, momentum=0.03, affine=True, track_running_stats=True)
                (act): SiLU(inplace=True)
              )
            )
            (1): Sequential(
              (0): DWConv(
                (conv): Conv2d(80, 80, kernel_size=(3, 3), stride=(1, 1), padding=(1, 1), groups=80, bias=False)
                (bn): BatchNorm2d(80, eps=0.001, momentum=0.03, affine=True, track_running_stats=True)
                (act): SiLU(inplace=True)
              )
              (1): Conv(
                (conv): Conv2d(80, 80, kernel_size=(1, 1), stride=(1, 1), bias=False)
                (bn): BatchNorm2d(80, eps=0.001, momentum=0.03, affine=True, track_running_stats=True)
                (act): SiLU(inplace=True)
              )
            )
            (2): Conv2d(80, 80, kernel_size=(1, 1), stride=(1, 1))
          )
          (2): Sequential(
            (0): Sequential(
              (0): DWConv(
                (conv): Conv2d(256, 256, kernel_size=(3, 3), stride=(1, 1), padding=(1, 1), groups=256, bias=False)
                (bn): BatchNorm2d(256, eps=0.001, momentum=0.03, affine=True, track_running_stats=True)
                (act): SiLU(inplace=True)
              )
              (1): Conv(
                (conv): Conv2d(256, 80, kernel_size=(1, 1), stride=(1, 1), bias=False)
                (bn): BatchNorm2d(80, eps=0.001, momentum=0.03, affine=True, track_running_stats=True)
                (act): SiLU(inplace=True)
              )
            )
            (1): Sequential(
              (0): DWConv(
                (conv): Conv2d(80, 80, kernel_size=(3, 3), stride=(1, 1), padding=(1, 1), groups=80, bias=False)
                (bn): BatchNorm2d(80, eps=0.001, momentum=0.03, affine=True, track_running_stats=True)
                (act): SiLU(inplace=True)
              )
              (1): Conv(
                (conv): Conv2d(80, 80, kernel_size=(1, 1), stride=(1, 1), bias=False)
                (bn): BatchNorm2d(80, eps=0.001, momentum=0.03, affine=True, track_running_stats=True)
                (act): SiLU(inplace=True)
              )
            )
            (2): Conv2d(80, 80, kernel_size=(1, 1), stride=(1, 1))
          )
        )
        (dfl): DFL(
          (conv): Conv2d(16, 1, kernel_size=(1, 1), stride=(1, 1), bias=False)
        )
      )
    )
  )
), <utils.config_utils.Args object at 0x7fde2fb2b560>)' 执行时间: 796.5010 秒
2025-06-26 15:52:52,575 - INFO - YOLO_Training : 从 model.trainer.save_dir 获取到模型保存路径: /home/wyh_home/MedicalYOLO/runs/detect/train3
2025-06-26 15:52:52,576 - INFO - YOLO_Training : ============================================================
2025-06-26 15:52:52,576 - INFO - YOLO_Training : YOLO Results Summary (Detect Task)
2025-06-26 15:52:52,576 - INFO - YOLO_Training : ============================================================
2025-06-26 15:52:52,576 - INFO - YOLO_Training : Task                : detect
2025-06-26 15:52:52,576 - INFO - YOLO_Training : Save Directory      : /home/wyh_home/MedicalYOLO/runs/detect/train3
2025-06-26 15:52:52,576 - INFO - YOLO_Training : Timestamp           : 2025-06-26T15:52:52.576510
2025-06-26 15:52:52,576 - INFO - YOLO_Training : ----------------------------------------
2025-06-26 15:52:52,576 - INFO - YOLO_Training : Processing Speed (ms/image)
2025-06-26 15:52:52,577 - INFO - YOLO_Training : ----------------------------------------
2025-06-26 15:52:52,577 - INFO - YOLO_Training : Preprocess          : 0.233 ms
2025-06-26 15:52:52,577 - INFO - YOLO_Training : Inference           : 0.454 ms
2025-06-26 15:52:52,577 - INFO - YOLO_Training : Loss Calc           : 0.000 ms
2025-06-26 15:52:52,577 - INFO - YOLO_Training : Postprocess         : 1.014 ms
2025-06-26 15:52:52,577 - INFO - YOLO_Training : Total Per Image     : 1.701 ms
2025-06-26 15:52:52,577 - INFO - YOLO_Training : ----------------------------------------
2025-06-26 15:52:52,577 - INFO - YOLO_Training : Overall Evaluation Metrics
2025-06-26 15:52:52,577 - INFO - YOLO_Training : ----------------------------------------
2025-06-26 15:52:52,577 - INFO - YOLO_Training : Fitness Score       : 0.4335
2025-06-26 15:52:52,577 - INFO - YOLO_Training : Precision(B)        : 0.8419
2025-06-26 15:52:52,577 - INFO - YOLO_Training : Recall(B)           : 0.5187
2025-06-26 15:52:52,577 - INFO - YOLO_Training : mAP50(B)            : 0.5630
2025-06-26 15:52:52,577 - INFO - YOLO_Training : mAP50-95(B)         : 0.4191
2025-06-26 15:52:52,577 - INFO - YOLO_Training : ----------------------------------------
2025-06-26 15:52:52,577 - INFO - YOLO_Training : Class-wise mAP@0.5:0.95 (Box Metrics)
2025-06-26 15:52:52,577 - INFO - YOLO_Training : ----------------------------------------
2025-06-26 15:52:52,577 - INFO - YOLO_Training : meningioma_tumor    : 0.4709
2025-06-26 15:52:52,577 - INFO - YOLO_Training : pituitary_tumor     : 0.4507
2025-06-26 15:52:52,578 - INFO - YOLO_Training : objects             : 0.4191
2025-06-26 15:52:52,578 - INFO - YOLO_Training : glioma_tumor        : 0.3357
2025-06-26 15:52:52,578 - INFO - YOLO_Training : ============================================================
2025-06-26 15:52:52,583 - INFO - best模型已经从/home/wyh_home/MedicalYOLO/runs/detect/train3/weights/best.pt复制到至/home/wyh_home/MedicalYOLO/models/checkpoints/train3_20250626-155252_yolo11n_best.pt
2025-06-26 15:52:52,588 - INFO - last模型已经从/home/wyh_home/MedicalYOLO/runs/detect/train3/weights/last.pt复制到至/home/wyh_home/MedicalYOLO/models/checkpoints/train3_20250626-155252_yolo11n_last.pt
2025-06-26 15:52:52,588 - INFO - YOLO 肿瘤检测训练脚本结束
